<?xml version="1.0" encoding="UTF-8"?>
<testng-results ignored="0" total="1" passed="1" failed="0" skipped="0">
  <reporter-output>
  </reporter-output>
  <suite started-at="2024-04-19T12:42:09 IST" name="Default suite" finished-at="2024-04-19T12:42:50 IST" duration-ms="40519">
    <groups>
    </groups>
    <test started-at="2024-04-19T12:42:09 IST" name="Default test" finished-at="2024-04-19T12:42:50 IST" duration-ms="40519">
      <class name="jenkin.jenk">
        <test-method signature="yourTestMethod()[pri:0, instance:jenkin.jenk@145f66e3]" started-at="2024-04-19T12:42:09 IST" name="yourTestMethod" finished-at="2024-04-19T12:42:49 IST" duration-ms="40042" status="PASS">
          <reporter-output>
          </reporter-output>
        </test-method> <!-- yourTestMethod -->
      </class> <!-- jenkin.jenk -->
    </test> <!-- Default test -->
  </suite> <!-- Default suite -->
</testng-results>
